import logging
import requests

logging.basicConfig(filename='arbitrage.log', level=logging.DEBUG)

class ArbitrageStrategy:
    def __init__(self, trading_pair):
        self.trading_pair = trading_pair

    def execute_trade(self, exchange, trade_size, trade_type):
        url = f'https://api.{exchange}.com/trade'
        data = {
            'trading_pair': self.trading_pair.name,
            'size': trade_size,
            'type': trade_type
        }
        try:
            response = requests.post(url, data=data)
            response.raise_for_status()
        except requests.exceptions.RequestException as e:
            logging.error(f"Error occurred while making request: {e}")
            return None
        try:
            trade = Trade.objects.create(
                trading_pair=self.trading_pair,
                user=request.user,
                exchange=exchange,
                trade_size=trade_size,
                trade_type=trade_type
            )
            logging.info(f"New trade created: {trade}")
            return trade
        except Exception as e:
            logging.error(f"Error occurred while creating new trade: {e}")
            return None
