import logging
import logging.handlers

# Set up logging
log_filename = 'arbitrage.log'  # Specify the log file name
log_format = '%(asctime)s %(levelname)s: %(message)s'
log_date_format = '%Y-%m-%d %H:%M:%S'
log_level = logging.DEBUG  # Specify the desired log level

# Create a logger
logger = logging.getLogger('ArbitrageStrategy')
logger.setLevel(log_level)

# Create a file handler
file_handler = logging.FileHandler(log_filename)
file_handler.setLevel(log_level)

# Create a log formatter
log_formatter = logging.Formatter(log_format, log_date_format)
file_handler.setFormatter(log_formatter)

# Add the file handler to the logger
logger.addHandler(file_handler)

# Implement the arbitrage strategy
class ArbitrageStrategy:
    def __init__(self):
        # Initialize the strategy
        pass

    def run(self):
        # Implement the logic for the arbitrage strategy
        # Log statements using the logger
        logger.info('Arbitrage strategy started')
        # ... more code ...

# Run the arbitrage strategy
if __name__ == '__main__':
    strategy = ArbitrageStrategy()
    strategy.run()


2023-04-07 10:30:15,432 - ERROR - [ArbitrageStrategy] - Error occurred while making request: <error message>
2023-04-07 10:30:15,432 - ERROR - [ArbitrageStrategy] - Error occurred while creating new trade: <error message>
2023-04-07 10:30:20,125 - INFO - [ArbitrageStrategy] - New trade created: <trade object>
2023-04-07 10:30:20,125 - ERROR - [ArbitrageStrategy] - Error occurred while making request: <error message>
2023-04-07 10:30:20,125 - ERROR - [ArbitrageStrategy] - Error occurred while creating new trade: <error message>
...
